<?xml version="1.0" encoding="UTF-8"?>
<!-- Generated by org.testng.reporters.JUnitReportReporter -->
<testsuite hostname="CSNB0595" name="com.WordPress.Testcases.VerifyWorkPressLogin" tests="1" failures="0" timestamp="14 Jan 2021 12:01:14 GMT" time="28.946" errors="1">
  <testcase name="verifyValidLogin" time="28.946" classname="com.WordPress.Testcases.VerifyWorkPressLogin">
    <error type="org.openqa.selenium.WebDriverException" message="unknown error: Element &lt;button id=&quot;btnLogin&quot; class=&quot;btn btn-default i1-ux-btn-btnprimary ng-binding i1-ux-disabled&quot; ng-hide=&quot;!i1Visible&quot; ng-disabled=&quot;i1Button.isDisabled()&quot; name=&quot;&quot; ng-click=&quot;i1OnClick($event)&quot; ng-mousedown=&quot;i1Mousedown({event:$event})&quot; type=&quot;button&quot; ng-style=&quot;::{&#039;background-image&#039;:&#039;url()&#039;,&#039;background-position&#039;: &#039;center&#039;, &#039;background-repeat&#039;: &#039;no-repeat&#039;, &#039;background-size&#039;: &#039;100% 100%&#039;,
        &#039;height&#039;:&#039;&#039;, &#039;width&#039;:&#039;&#039; }&quot; ng-class=&quot;{&#039;i1-ux-disabled&#039;:i1Button.isDisabled()}&quot; uib-tooltip=&quot;&quot; tooltip-placement=&quot;top&quot; tooltip-append-to-body=&quot;true&quot; tooltip-popup-delay=&quot;200&quot; disabled=&quot;disabled&quot; style=&quot;background-image: url(&amp;quot;&amp;quot;); background-position: center center; background-repeat: no-repeat; background-size: 100% 100%;&quot;&gt;...&lt;/button&gt; is not clickable at point (960, 550). Other element would receive the click: &lt;div class=&quot;col-md-12&quot;&gt;...&lt;/div&gt;
  (Session info: chrome=87.0.4280.141)
  (Driver info: chromedriver=2.37.544315 (730aa6a5fdba159ac9f4c1e8cbc59bf1b5ce12b7),platform=Windows NT 10.0.18363 x86_64) (WARNING: The server did not provide any stacktrace information)
Command duration or timeout: 46 milliseconds
Build info: version: &#039;3.3.1&#039;, revision: &#039;5234b32&#039;, time: &#039;2017-03-10 09:04:52 -0800&#039;
System info: host: &#039;CSNB0595&#039;, ip: &#039;10.35.44.203&#039;, os.name: &#039;Windows 10&#039;, os.arch: &#039;amd64&#039;, os.version: &#039;10.0&#039;, java.version: &#039;1.8.0_192&#039;
Driver info: org.openqa.selenium.chrome.ChromeDriver
Capabilities [{applicationCacheEnabled=false, rotatable=false, mobileEmulationEnabled=false, networkConnectionEnabled=false, chrome={chromedriverVersion=2.37.544315 (730aa6a5fdba159ac9f4c1e8cbc59bf1b5ce12b7), userDataDir=C:\Users\rajhasum\AppData\Local\Temp\scoped_dir13032_30774}, takesHeapSnapshot=true, pageLoadStrategy=normal, databaseEnabled=false, handlesAlerts=true, hasTouchScreen=false, version=87.0.4280.141, platform=XP, browserConnectionEnabled=false, nativeEvents=true, acceptSslCerts=false, acceptInsecureCerts=false, locationContextEnabled=true, webStorageEnabled=true, browserName=chrome, takesScreenshot=true, javascriptEnabled=true, cssSelectorsEnabled=true, setWindowRect=true, unexpectedAlertBehaviour=}]
Session ID: a160719c140f8b0c316018636677168b">
      <![CDATA[org.openqa.selenium.WebDriverException: unknown error: Element <button id="btnLogin" class="btn btn-default i1-ux-btn-btnprimary ng-binding i1-ux-disabled" ng-hide="!i1Visible" ng-disabled="i1Button.isDisabled()" name="" ng-click="i1OnClick($event)" ng-mousedown="i1Mousedown({event:$event})" type="button" ng-style="::{'background-image':'url()','background-position': 'center', 'background-repeat': 'no-repeat', 'background-size': '100% 100%',
        'height':'', 'width':'' }" ng-class="{'i1-ux-disabled':i1Button.isDisabled()}" uib-tooltip="" tooltip-placement="top" tooltip-append-to-body="true" tooltip-popup-delay="200" disabled="disabled" style="background-image: url(&quot;&quot;); background-position: center center; background-repeat: no-repeat; background-size: 100% 100%;">...</button> is not clickable at point (960, 550). Other element would receive the click: <div class="col-md-12">...</div>
  (Session info: chrome=87.0.4280.141)
  (Driver info: chromedriver=2.37.544315 (730aa6a5fdba159ac9f4c1e8cbc59bf1b5ce12b7),platform=Windows NT 10.0.18363 x86_64) (WARNING: The server did not provide any stacktrace information)
Command duration or timeout: 46 milliseconds
Build info: version: '3.3.1', revision: '5234b32', time: '2017-03-10 09:04:52 -0800'
System info: host: 'CSNB0595', ip: '10.35.44.203', os.name: 'Windows 10', os.arch: 'amd64', os.version: '10.0', java.version: '1.8.0_192'
Driver info: org.openqa.selenium.chrome.ChromeDriver
Capabilities [{applicationCacheEnabled=false, rotatable=false, mobileEmulationEnabled=false, networkConnectionEnabled=false, chrome={chromedriverVersion=2.37.544315 (730aa6a5fdba159ac9f4c1e8cbc59bf1b5ce12b7), userDataDir=C:\Users\rajhasum\AppData\Local\Temp\scoped_dir13032_30774}, takesHeapSnapshot=true, pageLoadStrategy=normal, databaseEnabled=false, handlesAlerts=true, hasTouchScreen=false, version=87.0.4280.141, platform=XP, browserConnectionEnabled=false, nativeEvents=true, acceptSslCerts=false, acceptInsecureCerts=false, locationContextEnabled=true, webStorageEnabled=true, browserName=chrome, takesScreenshot=true, javascriptEnabled=true, cssSelectorsEnabled=true, setWindowRect=true, unexpectedAlertBehaviour=}]
Session ID: a160719c140f8b0c316018636677168b
	at sun.reflect.NativeConstructorAccessorImpl.newInstance0(Native Method)
	at sun.reflect.NativeConstructorAccessorImpl.newInstance(Unknown Source)
	at sun.reflect.DelegatingConstructorAccessorImpl.newInstance(Unknown Source)
	at java.lang.reflect.Constructor.newInstance(Unknown Source)
	at org.openqa.selenium.remote.ErrorHandler.createThrowable(ErrorHandler.java:216)
	at org.openqa.selenium.remote.ErrorHandler.throwIfResponseFailed(ErrorHandler.java:168)
	at org.openqa.selenium.remote.RemoteWebDriver.execute(RemoteWebDriver.java:638)
	at org.openqa.selenium.remote.RemoteWebElement.execute(RemoteWebElement.java:274)
	at org.openqa.selenium.remote.RemoteWebElement.click(RemoteWebElement.java:84)
	at com.WordPress.Pages.LoginPage.clickOnLoginButton(LoginPage.java:40)
	at com.WordPress.Testcases.VerifyWorkPressLogin.verifyValidLogin(VerifyWorkPressLogin.java:36)
	at sun.reflect.NativeMethodAccessorImpl.invoke0(Native Method)
	at sun.reflect.NativeMethodAccessorImpl.invoke(Unknown Source)
	at sun.reflect.DelegatingMethodAccessorImpl.invoke(Unknown Source)
	at java.lang.reflect.Method.invoke(Unknown Source)
	at org.testng.internal.MethodInvocationHelper.invokeMethod(MethodInvocationHelper.java:86)
	at org.testng.internal.Invoker.invokeMethod(Invoker.java:646)
	at org.testng.internal.Invoker.invokeTestMethod(Invoker.java:823)
	at org.testng.internal.Invoker.invokeTestMethods(Invoker.java:1131)
	at org.testng.internal.TestMethodWorker.invokeTestMethods(TestMethodWorker.java:129)
	at org.testng.internal.TestMethodWorker.run(TestMethodWorker.java:112)
	at org.testng.TestRunner.privateRun(TestRunner.java:778)
	at org.testng.TestRunner.run(TestRunner.java:632)
	at org.testng.SuiteRunner.runTest(SuiteRunner.java:366)
	at org.testng.SuiteRunner.runSequentially(SuiteRunner.java:361)
	at org.testng.SuiteRunner.privateRun(SuiteRunner.java:319)
	at org.testng.SuiteRunner.run(SuiteRunner.java:268)
	at org.testng.SuiteRunnerWorker.runSuite(SuiteRunnerWorker.java:52)
	at org.testng.SuiteRunnerWorker.run(SuiteRunnerWorker.java:86)
	at org.testng.TestNG.runSuitesSequentially(TestNG.java:1225)
	at org.testng.TestNG.runSuitesLocally(TestNG.java:1150)
	at org.testng.TestNG.runSuites(TestNG.java:1075)
	at org.testng.TestNG.run(TestNG.java:1047)
	at org.testng.remote.AbstractRemoteTestNG.run(AbstractRemoteTestNG.java:126)
	at org.testng.remote.RemoteTestNG.initAndRun(RemoteTestNG.java:137)
	at org.testng.remote.RemoteTestNG.main(RemoteTestNG.java:58)
]]>
    </error>
  </testcase> <!-- verifyValidLogin -->
</testsuite> <!-- com.WordPress.Testcases.VerifyWorkPressLogin -->
